2021-05-19 00:44:33.228  INFO 14844 --- [main] c.c.o.pizza.OnlinePizzaApp1Application   : Starting OnlinePizzaApp1Application using Java 15.0.2 on DESKTOP-IGTC7PQ with PID 14844 (C:\Users\Abhishek Shaw\Downloads\OnlinePizzaApp-1 (2)\OnlinePizzaApp-1\target\classes started by Abhishek Shaw in C:\Users\Abhishek Shaw\Downloads\OnlinePizzaApp-1 (2)\OnlinePizzaApp-1)
2021-05-19 00:44:33.237  INFO 14844 --- [main] c.c.o.pizza.OnlinePizzaApp1Application   : No active profile set, falling back to default profiles: default
2021-05-19 00:44:34.269  INFO 14844 --- [main] .s.d.r.c.RepositoryConfigurationDelegate : Bootstrapping Spring Data JPA repositories in DEFAULT mode.
2021-05-19 00:44:34.345  INFO 14844 --- [main] .s.d.r.c.RepositoryConfigurationDelegate : Finished Spring Data repository scanning in 63 ms. Found 1 JPA repository interfaces.
2021-05-19 00:44:35.122  INFO 14844 --- [main] o.s.b.w.embedded.tomcat.TomcatWebServer  : Tomcat initialized with port(s): 9091 (http)
2021-05-19 00:44:35.135  INFO 14844 --- [main] o.apache.catalina.core.StandardService   : Starting service [Tomcat]
2021-05-19 00:44:35.136  INFO 14844 --- [main] org.apache.catalina.core.StandardEngine  : Starting Servlet engine: [Apache Tomcat/9.0.45]
2021-05-19 00:44:35.278  INFO 14844 --- [main] o.a.c.c.C.[Tomcat].[localhost].[/]       : Initializing Spring embedded WebApplicationContext
2021-05-19 00:44:35.278  INFO 14844 --- [main] w.s.c.ServletWebServerApplicationContext : Root WebApplicationContext: initialization completed in 1921 ms
2021-05-19 00:44:35.606  INFO 14844 --- [main] o.hibernate.jpa.internal.util.LogHelper  : HHH000204: Processing PersistenceUnitInfo [name: default]
2021-05-19 00:44:35.697  INFO 14844 --- [main] org.hibernate.Version                    : HHH000412: Hibernate ORM core version 5.4.30.Final
2021-05-19 00:44:35.876  INFO 14844 --- [main] o.hibernate.annotations.common.Version   : HCANN000001: Hibernate Commons Annotations {5.1.2.Final}
2021-05-19 00:44:36.028  INFO 14844 --- [main] com.zaxxer.hikari.HikariDataSource       : HikariPool-1 - Starting...
2021-05-19 00:44:36.034  WARN 14844 --- [main] com.zaxxer.hikari.util.DriverDataSource  : Registered driver with driverClassName=oracle.jdbc.driver.OracleDriver was not found, trying direct instantiation.
2021-05-19 00:44:36.428  INFO 14844 --- [main] com.zaxxer.hikari.HikariDataSource       : HikariPool-1 - Start completed.
2021-05-19 00:44:36.468  INFO 14844 --- [main] org.hibernate.dialect.Dialect            : HHH000400: Using dialect: org.hibernate.dialect.Oracle10gDialect
2021-05-19 00:44:37.520  INFO 14844 --- [main] o.h.e.t.j.p.i.JtaPlatformInitiator       : HHH000490: Using JtaPlatform implementation: [org.hibernate.engine.transaction.jta.platform.internal.NoJtaPlatform]
2021-05-19 00:44:37.532  INFO 14844 --- [main] j.LocalContainerEntityManagerFactoryBean : Initialized JPA EntityManagerFactory for persistence unit 'default'
2021-05-19 00:44:37.986  WARN 14844 --- [main] JpaBaseConfiguration$JpaWebConfiguration : spring.jpa.open-in-view is enabled by default. Therefore, database queries may be performed during view rendering. Explicitly configure spring.jpa.open-in-view to disable this warning
2021-05-19 00:44:38.162  INFO 14844 --- [main] o.s.s.concurrent.ThreadPoolTaskExecutor  : Initializing ExecutorService 'applicationTaskExecutor'
2021-05-19 00:44:38.450  INFO 14844 --- [main] o.s.b.w.embedded.tomcat.TomcatWebServer  : Tomcat started on port(s): 9091 (http) with context path ''
2021-05-19 00:44:38.461  INFO 14844 --- [main] c.c.o.pizza.OnlinePizzaApp1Application   : Started OnlinePizzaApp1Application in 5.84 seconds (JVM running for 7.163)
2021-05-19 00:45:41.446  INFO 14844 --- [http-nio-9091-exec-2] o.a.c.c.C.[Tomcat].[localhost].[/]       : Initializing Spring DispatcherServlet 'dispatcherServlet'
2021-05-19 00:45:41.452  INFO 14844 --- [http-nio-9091-exec-2] o.s.web.servlet.DispatcherServlet        : Initializing Servlet 'dispatcherServlet'
2021-05-19 00:45:41.455  INFO 14844 --- [http-nio-9091-exec-2] o.s.web.servlet.DispatcherServlet        : Completed initialization in 3 ms
2021-05-19 00:45:54.535  INFO 14844 --- [http-nio-9091-exec-3] c.c.o.p.a.c.OnlinepizzaCouponController  : Coupan Added
2021-05-19 00:46:53.332  WARN 14844 --- [http-nio-9091-exec-5] .w.s.m.s.DefaultHandlerExceptionResolver : Resolved [org.springframework.web.HttpRequestMethodNotSupportedException: Request method 'GET' not supported]
2021-05-19 00:47:06.208  INFO 14844 --- [http-nio-9091-exec-6] c.c.o.p.a.c.OnlinepizzaCouponController  : Coupan Deleted
2021-05-19 00:52:40.776  INFO 14844 --- [http-nio-9091-exec-8] c.c.o.p.a.c.OnlinepizzaCouponController  : Coupan Added
